#
# There is insufficient memory for the Java Runtime Environment to continue.
# Native memory allocation (mmap) failed to map 35651584 bytes. Error detail: G1 virtual space
# Possible reasons:
#   The system is out of physical RAM or swap space
#   This process is running with CompressedOops enabled, and the Java Heap may be blocking the growth of the native heap
# Possible solutions:
#   Reduce memory load on the system
#   Increase physical memory or swap space
#   Check if swap backing store is full
#   Decrease Java heap size (-Xmx/-Xms)
#   Decrease number of Java threads
#   Decrease Java thread stack sizes (-Xss)
#   Set larger code cache with -XX:ReservedCodeCacheSize=
#   JVM is running with Unscaled Compressed Oops mode in which the Java heap is
#     placed in the first 4GB address space. The Java Heap base address is the
#     maximum limit for the native heap growth. Please use -XX:HeapBaseMinAddress
#     to set the Java Heap base and to place the Java Heap above 4GB virtual address.
# This output file may be truncated or incomplete.
#
#  Out of Memory Error (os_windows.cpp:3618), pid=23432, tid=8088
#
# JRE version: OpenJDK Runtime Environment Temurin-17.0.17+10 (17.0.17+10) (build 17.0.17+10)
# Java VM: OpenJDK 64-Bit Server VM Temurin-17.0.17+10 (17.0.17+10, mixed mode, emulated-client, sharing, tiered, compressed oops, compressed class ptrs, g1 gc, windows-amd64)
# No core dump will be written. Minidumps are not enabled by default on client versions of Windows
#

---------------  S U M M A R Y ------------

Command Line: -XX:TieredStopAtLevel=1 com.cts.CollegeTransportSystemApplication

Host: AMD Ryzen 5 5600H with Radeon Graphics         , 12 cores, 7G,  Windows 11 , 64 bit Build 26100 (10.0.26100.6725)
Time: Tue Nov 11 14:27:30 2025 India Standard Time elapsed time: 6013.236052 seconds (0d 1h 40m 13s)

---------------  T H R E A D  ---------------

Current thread (0x00000222c0b62330):  VMThread "VM Thread" [stack: 0x0000007abdb00000,0x0000007abdc00000] [id=8088]

Stack: [0x0000007abdb00000,0x0000007abdc00000]
Native frames: (J=compiled Java code, j=interpreted, Vv=VM code, C=native code)
V  [jvm.dll+0x683fb9]
V  [jvm.dll+0x83a1b5]
V  [jvm.dll+0x83bc2e]
V  [jvm.dll+0x83c2b3]
V  [jvm.dll+0x248eff]
V  [jvm.dll+0x680d79]
V  [jvm.dll+0x675b7a]
V  [jvm.dll+0x3091a7]
V  [jvm.dll+0x310776]
V  [jvm.dll+0x360bbe]
V  [jvm.dll+0x360dfd]
V  [jvm.dll+0x2e022c]
V  [jvm.dll+0x2de602]
V  [jvm.dll+0x2ddd9c]
V  [jvm.dll+0x320a3b]
V  [jvm.dll+0x840acd]
V  [jvm.dll+0x841803]
V  [jvm.dll+0x841d2f]
V  [jvm.dll+0x842115]
V  [jvm.dll+0x8421de]
V  [jvm.dll+0x7ea44c]
V  [jvm.dll+0x682e87]
C  [ucrtbase.dll+0x37b0]
C  [KERNEL32.DLL+0x2e8d7]
C  [ntdll.dll+0x8c53c]

VM_Operation (0x0000007abd2fe8d0): G1CollectForAllocation, mode: safepoint, requested by thread 0x000002230874bf90


---------------  P R O C E S S  ---------------

Threads class SMR info:
_java_thread_list=0x0000022306d1c8b0, length=18, elements={
0x00000222c0b65670, 0x00000222c0b65f40, 0x00000222c0b83690, 0x00000222c0b83f60,
0x00000222c0b86840, 0x00000222c0b87110, 0x00000222c0b8aee0, 0x00000222c0b95810,
0x00000223060f04e0, 0x00000223060f6e30, 0x00000223075de2a0, 0x00000223075e0050,
0x00000223075e0530, 0x00000223078f2b20, 0x00000223078f11d0, 0x00000223078f3f60,
0x000002230874e810, 0x000002230874bf90
}

Java Threads: ( => current thread )
  0x00000222c0b65670 JavaThread "Reference Handler" daemon [_thread_blocked, id=12756, stack(0x0000007abdc00000,0x0000007abdd00000)]
  0x00000222c0b65f40 JavaThread "Finalizer" daemon [_thread_blocked, id=1776, stack(0x0000007abdd00000,0x0000007abde00000)]
  0x00000222c0b83690 JavaThread "Signal Dispatcher" daemon [_thread_blocked, id=22472, stack(0x0000007abde00000,0x0000007abdf00000)]
  0x00000222c0b83f60 JavaThread "Attach Listener" daemon [_thread_blocked, id=19528, stack(0x0000007abdf00000,0x0000007abe000000)]
  0x00000222c0b86840 JavaThread "Service Thread" daemon [_thread_blocked, id=30656, stack(0x0000007abe000000,0x0000007abe100000)]
  0x00000222c0b87110 JavaThread "Monitor Deflation Thread" daemon [_thread_blocked, id=24324, stack(0x0000007abe100000,0x0000007abe200000)]
  0x00000222c0b8aee0 JavaThread "C1 CompilerThread0" daemon [_thread_blocked, id=23364, stack(0x0000007abe200000,0x0000007abe300000)]
  0x00000222c0b95810 JavaThread "Sweeper thread" daemon [_thread_blocked, id=6472, stack(0x0000007abe300000,0x0000007abe400000)]
  0x00000223060f04e0 JavaThread "Notification Thread" daemon [_thread_blocked, id=20204, stack(0x0000007abe500000,0x0000007abe600000)]
  0x00000223060f6e30 JavaThread "Common-Cleaner" daemon [_thread_blocked, id=30448, stack(0x0000007abe700000,0x0000007abe800000)]
  0x00000223075de2a0 JavaThread "Catalina-utility-1" [_thread_blocked, id=24616, stack(0x0000007abf600000,0x0000007abf700000)]
  0x00000223075e0050 JavaThread "Catalina-utility-2" [_thread_blocked, id=17948, stack(0x0000007abf700000,0x0000007abf800000)]
  0x00000223075e0530 JavaThread "container-0" [_thread_blocked, id=15504, stack(0x0000007abf800000,0x0000007abf900000)]
  0x00000223078f2b20 JavaThread "mysql-cj-abandoned-connection-cleanup" daemon [_thread_blocked, id=15312, stack(0x0000007abf900000,0x0000007abfa00000)]
  0x00000223078f11d0 JavaThread "HikariPool-1:housekeeper" daemon [_thread_blocked, id=24524, stack(0x0000007abfa00000,0x0000007abfb00000)]
  0x00000223078f3f60 JavaThread "Live Reload Server" daemon [_thread_in_native, id=27716, stack(0x0000007abff00000,0x0000007ac0000000)]
  0x000002230874e810 JavaThread "DestroyJavaVM" [_thread_blocked, id=26288, stack(0x0000007abd500000,0x0000007abd600000)]
  0x000002230874bf90 JavaThread "Thread-5" [_thread_blocked, id=25832, stack(0x0000007abd200000,0x0000007abd300000)]

Other Threads:
=>0x00000222c0b62330 VMThread "VM Thread" [stack: 0x0000007abdb00000,0x0000007abdc00000] [id=8088]
  0x00000223060f29d0 WatcherThread [stack: 0x0000007abe600000,0x0000007abe700000] [id=16732]
  0x00000222ae226b50 GCTaskThread "GC Thread#0" [stack: 0x0000007abd600000,0x0000007abd700000] [id=26032]
  0x000002230683f240 GCTaskThread "GC Thread#1" [stack: 0x0000007abea00000,0x0000007abeb00000] [id=24772]
  0x00000223068343b0 GCTaskThread "GC Thread#2" [stack: 0x0000007abeb00000,0x0000007abec00000] [id=20772]
  0x0000022306837ea0 GCTaskThread "GC Thread#3" [stack: 0x0000007abec00000,0x0000007abed00000] [id=23352]
  0x0000022306838160 GCTaskThread "GC Thread#4" [stack: 0x0000007abed00000,0x0000007abee00000] [id=28716]
  0x0000022306873e50 GCTaskThread "GC Thread#5" [stack: 0x0000007abee00000,0x0000007abef00000] [id=30364]
  0x0000022306a16e80 GCTaskThread "GC Thread#6" [stack: 0x0000007abf000000,0x0000007abf100000] [id=2620]
  0x0000022306a839f0 GCTaskThread "GC Thread#7" [stack: 0x0000007abf100000,0x0000007abf200000] [id=26792]
  0x0000022306b6efa0 GCTaskThread "GC Thread#8" [stack: 0x0000007abf200000,0x0000007abf300000] [id=29636]
  0x00000223070d0fe0 GCTaskThread "GC Thread#9" [stack: 0x0000007abef00000,0x0000007abf000000] [id=1296]
  0x00000222ae237290 ConcurrentGCThread "G1 Main Marker" [stack: 0x0000007abd700000,0x0000007abd800000] [id=2436]
  0x00000222ae238360 ConcurrentGCThread "G1 Conc#0" [stack: 0x0000007abd800000,0x0000007abd900000] [id=4156]
  0x00000223070d2060 ConcurrentGCThread "G1 Conc#1" [stack: 0x0000007abf400000,0x0000007abf500000] [id=27152]
  0x00000223070d0a60 ConcurrentGCThread "G1 Conc#2" [stack: 0x0000007abf500000,0x0000007abf600000] [id=16476]
  0x00000222ae26dd10 ConcurrentGCThread "G1 Refine#0" [stack: 0x0000007abd900000,0x0000007abda00000] [id=10580]
  0x00000222ae26e3f0 ConcurrentGCThread "G1 Service" [stack: 0x0000007abda00000,0x0000007abdb00000] [id=30352]

Threads with active compile tasks:

VM state: at safepoint (normal execution)

VM Mutex/Monitor currently owned by a thread:  ([mutex/lock_event])
[0x00000222ac85de90] Threads_lock - owner thread: 0x00000222c0b62330
[0x00000222ac85dbc0] Heap_lock - owner thread: 0x000002230874bf90

Heap address: 0x000000008a600000, size: 1882 MB, Compressed Oops mode: 32-bit

CDS archive(s) mapped at: [0x00000222c1000000-0x00000222c1bb0000-0x00000222c1bb0000), size 12255232, SharedBaseAddress: 0x00000222c1000000, ArchiveRelocationMode: 1.
Compressed class space mapped at: 0x00000222c2000000-0x0000022302000000, reserved size: 1073741824
Narrow klass base: 0x00000222c1000000, Narrow klass shift: 0, Narrow klass range: 0x100000000

GC Precious Log:
 CPUs: 12 total, 12 available
 Memory: 7521M
 Large Page Support: Disabled
 NUMA Support: Disabled
 Compressed Oops: Enabled (32-bit)
 Heap Region Size: 1M
 Heap Min Capacity: 8M
 Heap Initial Capacity: 118M
 Heap Max Capacity: 1882M
 Pre-touch: Disabled
 Parallel Workers: 10
 Concurrent Workers: 3
 Concurrent Refinement Workers: 10
 Periodic GC: Disabled

Heap:
 garbage-first heap   total 83968K, used 26763K [0x000000008a600000, 0x0000000100000000)
  region size 1024K, 1 young (1024K), 1 survivors (1024K)
 Metaspace       used 64991K, committed 65472K, reserved 1114112K
  class space    used 9407K, committed 9600K, reserved 1048576K

Heap Regions: E=young(eden), S=young(survivor), O=old, HS=humongous(starts), HC=humongous(continues), CS=collection set, F=free, OA=open archive, CA=closed archive, TAMS=top-at-mark-start (previous, next)
|   0|0x000000008a600000, 0x000000008a700000, 0x000000008a700000|100%|HS|  |TAMS 0x000000008a700000, 0x000000008a600000| Complete 
|   1|0x000000008a700000, 0x000000008a800000, 0x000000008a800000|100%|HS|  |TAMS 0x000000008a800000, 0x000000008a700000| Complete 
|   2|0x000000008a800000, 0x000000008a900000, 0x000000008a900000|100%| O|  |TAMS 0x000000008a900000, 0x000000008a800000| Untracked 
|   3|0x000000008a900000, 0x000000008aa00000, 0x000000008aa00000|100%| O|  |TAMS 0x000000008aa00000, 0x000000008a900000| Untracked 
|   4|0x000000008aa00000, 0x000000008ab00000, 0x000000008ab00000|100%| O|  |TAMS 0x000000008ab00000, 0x000000008aa00000| Untracked 
|   5|0x000000008ab00000, 0x000000008ac00000, 0x000000008ac00000|100%| O|  |TAMS 0x000000008ac00000, 0x000000008ab00000| Untracked 
|   6|0x000000008ac00000, 0x000000008ad00000, 0x000000008ad00000|100%| O|  |TAMS 0x000000008ad00000, 0x000000008ac00000| Untracked 
|   7|0x000000008ad00000, 0x000000008ae00000, 0x000000008ae00000|100%| O|  |TAMS 0x000000008ae00000, 0x000000008ad00000| Untracked 
|   8|0x000000008ae00000, 0x000000008af00000, 0x000000008af00000|100%| O|  |TAMS 0x000000008af00000, 0x000000008ae00000| Untracked 
|   9|0x000000008af00000, 0x000000008b000000, 0x000000008b000000|100%| O|  |TAMS 0x000000008b000000, 0x000000008af00000| Untracked 
|  10|0x000000008b000000, 0x000000008b100000, 0x000000008b100000|100%| O|  |TAMS 0x000000008b100000, 0x000000008b000000| Untracked 
|  11|0x000000008b100000, 0x000000008b200000, 0x000000008b200000|100%| O|  |TAMS 0x000000008b200000, 0x000000008b100000| Untracked 
|  12|0x000000008b200000, 0x000000008b205a00, 0x000000008b300000|  2%| O|  |TAMS 0x000000008b205a00, 0x000000008b200000| Untracked 
|  13|0x000000008b300000, 0x000000008b400000, 0x000000008b400000|100%| O|  |TAMS 0x000000008b400000, 0x000000008b300000| Untracked 
|  14|0x000000008b400000, 0x000000008b500000, 0x000000008b500000|100%| O|  |TAMS 0x000000008b500000, 0x000000008b400000| Untracked 
|  15|0x000000008b500000, 0x000000008b600000, 0x000000008b600000|100%| O|  |TAMS 0x000000008b600000, 0x000000008b500000| Untracked 
|  16|0x000000008b600000, 0x000000008b700000, 0x000000008b700000|100%| O|  |TAMS 0x000000008b700000, 0x000000008b600000| Untracked 
|  17|0x000000008b700000, 0x000000008b700000, 0x000000008b800000|  0%| F|  |TAMS 0x000000008b700000, 0x000000008b700000| Untracked 
|  18|0x000000008b800000, 0x000000008b800000, 0x000000008b900000|  0%| F|  |TAMS 0x000000008b800000, 0x000000008b800000| Untracked 
|  19|0x000000008b900000, 0x000000008ba00000, 0x000000008ba00000|100%| O|  |TAMS 0x000000008ba00000, 0x000000008b900000| Untracked 
|  20|0x000000008ba00000, 0x000000008bb00000, 0x000000008bb00000|100%| O|  |TAMS 0x000000008bb00000, 0x000000008ba00000| Untracked 
|  21|0x000000008bb00000, 0x000000008bc00000, 0x000000008bc00000|100%| O|  |TAMS 0x000000008bc00000, 0x000000008bb00000| Untracked 
|  22|0x000000008bc00000, 0x000000008bd00000, 0x000000008bd00000|100%| O|  |TAMS 0x000000008bd00000, 0x000000008bc00000| Untracked 
|  23|0x000000008bd00000, 0x000000008bd00000, 0x000000008be00000|  0%| F|  |TAMS 0x000000008bd00000, 0x000000008bd00000| Untracked 
|  24|0x000000008be00000, 0x000000008be00000, 0x000000008bf00000|  0%| F|  |TAMS 0x000000008be00000, 0x000000008be00000| Untracked 
|  25|0x000000008bf00000, 0x000000008c000000, 0x000000008c000000|100%| O|  |TAMS 0x000000008c000000, 0x000000008bf00000| Untracked 
|  26|0x000000008c000000, 0x000000008c000000, 0x000000008c100000|  0%| F|  |TAMS 0x000000008c000000, 0x000000008c000000| Untracked 
|  27|0x000000008c100000, 0x000000008c100000, 0x000000008c200000|  0%| F|  |TAMS 0x000000008c100000, 0x000000008c100000| Untracked 
|  28|0x000000008c200000, 0x000000008c200000, 0x000000008c300000|  0%| F|  |TAMS 0x000000008c200000, 0x000000008c200000| Untracked 
|  29|0x000000008c300000, 0x000000008c400000, 0x000000008c400000|100%| O|  |TAMS 0x000000008c400000, 0x000000008c300000| Untracked 
|  30|0x000000008c400000, 0x000000008c500000, 0x000000008c500000|100%| O|  |TAMS 0x000000008c500000, 0x000000008c400000| Untracked 
|  31|0x000000008c500000, 0x000000008c600000, 0x000000008c600000|100%| O|  |TAMS 0x000000008c600000, 0x000000008c500000| Untracked 
|  32|0x000000008c600000, 0x000000008c700000, 0x000000008c700000|100%| O|  |TAMS 0x000000008c700000, 0x000000008c600000| Untracked 
|  33|0x000000008c700000, 0x000000008c800000, 0x000000008c800000|100%| O|  |TAMS 0x000000008c800000, 0x000000008c700000| Untracked 
|  34|0x000000008c800000, 0x000000008c800000, 0x000000008c900000|  0%| F|  |TAMS 0x000000008c800000, 0x000000008c800000| Untracked 
|  35|0x000000008c900000, 0x000000008c900000, 0x000000008ca00000|  0%| F|  |TAMS 0x000000008c900000, 0x000000008c900000| Untracked 
|  36|0x000000008ca00000, 0x000000008ca1d2b0, 0x000000008cb00000| 11%| S|CS|TAMS 0x000000008ca00000, 0x000000008ca00000| Complete 
|  37|0x000000008cb00000, 0x000000008cb00000, 0x000000008cc00000|  0%| F|  |TAMS 0x000000008cb00000, 0x000000008cb00000| Untracked 
|  38|0x000000008cc00000, 0x000000008cc00000, 0x000000008cd00000|  0%| F|  |TAMS 0x000000008cc00000, 0x000000008cc00000| Untracked 
|  39|0x000000008cd00000, 0x000000008cd00000, 0x000000008ce00000|  0%| F|  |TAMS 0x000000008cd00000, 0x000000008cd00000| Untracked 
|  40|0x000000008ce00000, 0x000000008ce00000, 0x000000008cf00000|  0%| F|  |TAMS 0x000000008ce00000, 0x000000008ce00000| Untracked 
|  41|0x000000008cf00000, 0x000000008cf00000, 0x000000008d000000|  0%| F|  |TAMS 0x000000008cf00000, 0x000000008cf00000| Untracked 
|  42|0x000000008d000000, 0x000000008d000000, 0x000000008d100000|  0%| F|  |TAMS 0x000000008d000000, 0x000000008d000000| Untracked 
|  43|0x000000008d100000, 0x000000008d100000, 0x000000008d200000|  0%| F|  |TAMS 0x000000008d100000, 0x000000008d100000| Untracked 
|  44|0x000000008d200000, 0x000000008d200000, 0x000000008d300000|  0%| F|  |TAMS 0x000000008d200000, 0x000000008d200000| Untracked 
|  45|0x000000008d300000, 0x000000008d300000, 0x000000008d400000|  0%| F|  |TAMS 0x000000008d300000, 0x000000008d300000| Untracked 
|  46|0x000000008d400000, 0x000000008d400000, 0x000000008d500000|  0%| F|  |TAMS 0x000000008d400000, 0x000000008d400000| Untracked 
|  47|0x000000008d500000, 0x000000008d500000, 0x000000008d600000|  0%| F|  |TAMS 0x000000008d500000, 0x000000008d500000| Untracked 
|  48|0x000000008d600000, 0x000000008d600000, 0x000000008d700000|  0%| F|  |TAMS 0x000000008d600000, 0x000000008d600000| Untracked 
|  49|0x000000008d700000, 0x000000008d700000, 0x000000008d800000|  0%| F|  |TAMS 0x000000008d700000, 0x000000008d700000| Untracked 
|  50|0x000000008d800000, 0x000000008d800000, 0x000000008d900000|  0%| F|  |TAMS 0x000000008d800000, 0x000000008d800000| Untracked 
|  51|0x000000008d900000, 0x000000008d900000, 0x000000008da00000|  0%| F|  |TAMS 0x000000008d900000, 0x000000008d900000| Untracked 
|  52|0x000000008da00000, 0x000000008da00000, 0x000000008db00000|  0%| F|  |TAMS 0x000000008da00000, 0x000000008da00000| Untracked 
|  53|0x000000008db00000, 0x000000008db00000, 0x000000008dc00000|  0%| F|  |TAMS 0x000000008db00000, 0x000000008db00000| Untracked 
|  54|0x000000008dc00000, 0x000000008dc00000, 0x000000008dd00000|  0%| F|  |TAMS 0x000000008dc00000, 0x000000008dc00000| Untracked 
|  55|0x000000008dd00000, 0x000000008dd00000, 0x000000008de00000|  0%| F|  |TAMS 0x000000008dd00000, 0x000000008dd00000| Untracked 
|  56|0x000000008de00000, 0x000000008de00000, 0x000000008df00000|  0%| F|  |TAMS 0x000000008de00000, 0x000000008de00000| Untracked 
|  57|0x000000008df00000, 0x000000008df00000, 0x000000008e000000|  0%| F|  |TAMS 0x000000008df00000, 0x000000008df00000| Untracked 
|  58|0x000000008e000000, 0x000000008e000000, 0x000000008e100000|  0%| F|  |TAMS 0x000000008e000000, 0x000000008e000000| Untracked 
|  59|0x000000008e100000, 0x000000008e100000, 0x000000008e200000|  0%| F|  |TAMS 0x000000008e100000, 0x000000008e100000| Untracked 
|  60|0x000000008e200000, 0x000000008e200000, 0x000000008e300000|  0%| F|  |TAMS 0x000000008e200000, 0x000000008e200000| Untracked 
|  61|0x000000008e300000, 0x000000008e300000, 0x000000008e400000|  0%| F|  |TAMS 0x000000008e300000, 0x000000008e300000| Untracked 
|  62|0x000000008e400000, 0x000000008e400000, 0x000000008e500000|  0%| F|  |TAMS 0x000000008e400000, 0x000000008e400000| Untracked 
|  63|0x000000008e500000, 0x000000008e500000, 0x000000008e600000|  0%| F|  |TAMS 0x000000008e500000, 0x000000008e500000| Untracked 
|  64|0x000000008e600000, 0x000000008e600000, 0x000000008e700000|  0%| F|  |TAMS 0x000000008e600000, 0x000000008e600000| Untracked 
|  65|0x000000008e700000, 0x000000008e700000, 0x000000008e800000|  0%| F|  |TAMS 0x000000008e700000, 0x000000008e700000| Untracked 
|  66|0x000000008e800000, 0x000000008e800000, 0x000000008e900000|  0%| F|  |TAMS 0x000000008e800000, 0x000000008e800000| Untracked 
|  67|0x000000008e900000, 0x000000008e900000, 0x000000008ea00000|  0%| F|  |TAMS 0x000000008e900000, 0x000000008e900000| Untracked 
|  68|0x000000008ea00000, 0x000000008ea00000, 0x000000008eb00000|  0%| F|  |TAMS 0x000000008ea00000, 0x000000008ea00000| Untracked 
|  69|0x000000008eb00000, 0x000000008eb00000, 0x000000008ec00000|  0%| F|  |TAMS 0x000000008eb00000, 0x000000008eb00000| Untracked 
|  70|0x000000008ec00000, 0x000000008ec00000, 0x000000008ed00000|  0%| F|  |TAMS 0x000000008ec00000, 0x000000008ec00000| Untracked 
|  71|0x000000008ed00000, 0x000000008ed00000, 0x000000008ee00000|  0%| F|  |TAMS 0x000000008ed00000, 0x000000008ed00000| Untracked 
|  72|0x000000008ee00000, 0x000000008ee00000, 0x000000008ef00000|  0%| F|  |TAMS 0x000000008ee00000, 0x000000008ee00000| Untracked 
|  73|0x000000008ef00000, 0x000000008ef00000, 0x000000008f000000|  0%| F|  |TAMS 0x000000008ef00000, 0x000000008ef00000| Untracked 
|  74|0x000000008f000000, 0x000000008f000000, 0x000000008f100000|  0%| F|  |TAMS 0x000000008f000000, 0x000000008f000000| Untracked 
|  75|0x000000008f100000, 0x000000008f100000, 0x000000008f200000|  0%| F|  |TAMS 0x000000008f100000, 0x000000008f100000| Untracked 
|  76|0x000000008f200000, 0x000000008f200000, 0x000000008f300000|  0%| F|  |TAMS 0x000000008f200000, 0x000000008f200000| Untracked 
|  77|0x000000008f300000, 0x000000008f300000, 0x000000008f400000|  0%| F|  |TAMS 0x000000008f300000, 0x000000008f300000| Untracked 
|  78|0x000000008f400000, 0x000000008f400000, 0x000000008f500000|  0%| F|  |TAMS 0x000000008f400000, 0x000000008f400000| Untracked 
|  79|0x000000008f500000, 0x000000008f500000, 0x000000008f600000|  0%| F|  |TAMS 0x000000008f500000, 0x000000008f500000| Untracked 
| 114|0x0000000091800000, 0x0000000091800000, 0x0000000091900000|  0%| F|  |TAMS 0x0000000091800000, 0x0000000091800000| Untracked 
| 117|0x0000000091b00000, 0x0000000091b00000, 0x0000000091c00000|  0%| F|  |TAMS 0x0000000091b00000, 0x0000000091b00000| Untracked 

Card table byte_map: [0x00000222b9c40000,0x00000222b9ff0000] _byte_map_base: 0x00000222b97ed000

Marking Bits (Prev, Next): (CMBitMap*) 0x00000222ae2270c0, (CMBitMap*) 0x00000222ae227080
 Prev Bits: [0x00000222bc110000, 0x00000222bde78000)
 Next Bits: [0x00000222ba3a0000, 0x00000222bc108000)

Polling page: 0x00000222ac750000

Metaspace:

Usage:
  Non-class:     54.28 MB used.
      Class:      9.19 MB used.
       Both:     63.47 MB used.

Virtual space:
  Non-class space:       64.00 MB reserved,      54.56 MB ( 85%) committed,  1 nodes.
      Class space:        1.00 GB reserved,       9.38 MB ( <1%) committed,  1 nodes.
             Both:        1.06 GB reserved,      63.94 MB (  6%) committed. 

Chunk freelists:
   Non-Class:  9.46 MB
       Class:  6.59 MB
        Both:  16.05 MB

MaxMetaspaceSize: unlimited
CompressedClassSpaceSize: 1.00 GB
Initial GC threshold: 21.00 MB
Current GC threshold: 106.50 MB
CDS: on
MetaspaceReclaimPolicy: balanced
 - commit_granule_bytes: 65536.
 - commit_granule_words: 8192.
 - virtual_space_node_default_size: 8388608.
 - enlarge_chunks_in_place: 1.
 - new_chunks_are_fully_committed: 0.
 - uncommit_free_chunks: 1.
 - use_allocation_guard: 0.
 - handle_deallocations: 1.


Internal statistics:

num_allocs_failed_limit: 9.
num_arena_births: 870.
num_arena_deaths: 304.
num_vsnodes_births: 2.
num_vsnodes_deaths: 0.
num_space_committed: 1023.
num_space_uncommitted: 0.
num_chunks_returned_to_freelist: 345.
num_chunks_taken_from_freelist: 3411.
num_chunk_merges: 113.
num_chunk_splits: 2403.
num_chunks_enlarged: 1916.
num_inconsistent_stats: 0.

CodeCache: size=49152Kb used=11852Kb max_used=13002Kb free=37300Kb
 bounds [0x00000222b5d70000, 0x00000222b6a30000, 0x00000222b8d70000]
 total_blobs=7587 nmethods=6897 adapters=616
 compilation: enabled
              stopped_count=0, restarted_count=0
 full_count=0

Compilation events (20 events):
Event: 6009.183 Thread 0x00000222c0b8aee0 6905       1       java.io.File::<init> (20 bytes)
Event: 6009.199 Thread 0x00000222c0b8aee0 nmethod 6905 0x00000222b67ede90 code [0x00000222b67ee020, 0x00000222b67ee158]
Event: 6010.423 Thread 0x00000222c0b8aee0 6906       1       java.math.BigDecimal::<init> (27 bytes)
Event: 6010.425 Thread 0x00000222c0b8aee0 nmethod 6906 0x00000222b67edb90 code [0x00000222b67edd20, 0x00000222b67ede38]
Event: 6010.426 Thread 0x00000222c0b8aee0 6910       1       ch.qos.logback.core.pattern.CompositeConverter::convert (43 bytes)
Event: 6010.435 Thread 0x00000222c0b8aee0 nmethod 6910 0x00000222b67ed490 code [0x00000222b67ed680, 0x00000222b67eda08]
Event: 6010.435 Thread 0x00000222c0b8aee0 6909       1       ch.qos.logback.core.pattern.DynamicConverter::getFirstOption (35 bytes)
Event: 6010.437 Thread 0x00000222c0b8aee0 nmethod 6909 0x00000222b67ed090 code [0x00000222b67ed240, 0x00000222b67ed3d8]
Event: 6010.437 Thread 0x00000222c0b8aee0 6907       1       java.time.format.DateTimePrintContext::getValue (36 bytes)
Event: 6010.438 Thread 0x00000222c0b8aee0 nmethod 6907 0x00000222b67ecc90 code [0x00000222b67ece60, 0x00000222b67ecfe8]
Event: 6010.438 Thread 0x00000222c0b8aee0 6908       1       java.time.ZonedDateTime::getLong (79 bytes)
Event: 6010.441 Thread 0x00000222c0b8aee0 nmethod 6908 0x00000222b67ec690 code [0x00000222b67ec880, 0x00000222b67ecb08]
Event: 6011.117 Thread 0x00000222c0b8aee0 6911       1       org.apache.tomcat.util.net.Acceptor::getState (5 bytes)
Event: 6011.118 Thread 0x00000222c0b8aee0 nmethod 6911 0x00000222b67ec390 code [0x00000222b67ec520, 0x00000222b67ec5f8]
Event: 6011.120 Thread 0x00000222c0b8aee0 6912       1       org.apache.tomcat.util.net.AbstractEndpoint::isPaused (5 bytes)
Event: 6011.121 Thread 0x00000222c0b8aee0 nmethod 6912 0x00000222b67ec090 code [0x00000222b67ec220, 0x00000222b67ec2f8]
Event: 6011.143 Thread 0x00000222c0b8aee0 6913       1       java.lang.Long::toString (55 bytes)
Event: 6011.143 Thread 0x00000222c0b8aee0 nmethod 6913 0x00000222b67ebb90 code [0x00000222b67ebd40, 0x00000222b67ebf78]
Event: 6011.189 Thread 0x00000222c0b8aee0 6914   !   1       java.util.concurrent.ConcurrentHashMap::clear (176 bytes)
Event: 6011.192 Thread 0x00000222c0b8aee0 nmethod 6914 0x00000222b67eaf90 code [0x00000222b67eb180, 0x00000222b67eb7b8]

GC Heap History (20 events):
Event: 2272.207 GC heap after
{Heap after GC invocations=40 (full 0):
 garbage-first heap   total 83968K, used 26916K [0x000000008a600000, 0x0000000100000000)
  region size 1024K, 1 young (1024K), 1 survivors (1024K)
 Metaspace       used 64939K, committed 65408K, reserved 1114112K
  class space    used 9399K, committed 9600K, reserved 1048576K
}
Event: 2679.053 GC heap before
{Heap before GC invocations=41 (full 0):
 garbage-first heap   total 83968K, used 69924K [0x000000008a600000, 0x0000000100000000)
  region size 1024K, 43 young (44032K), 1 survivors (1024K)
 Metaspace       used 64890K, committed 65408K, reserved 1114112K
  class space    used 9387K, committed 9600K, reserved 1048576K
}
Event: 2679.089 GC heap after
{Heap after GC invocations=42 (full 0):
 garbage-first heap   total 83968K, used 26931K [0x000000008a600000, 0x0000000100000000)
  region size 1024K, 1 young (1024K), 1 survivors (1024K)
 Metaspace       used 64890K, committed 65408K, reserved 1114112K
  class space    used 9387K, committed 9600K, reserved 1048576K
}
Event: 2708.359 GC heap before
{Heap before GC invocations=42 (full 0):
 garbage-first heap   total 83968K, used 30003K [0x000000008a600000, 0x0000000100000000)
  region size 1024K, 4 young (4096K), 1 survivors (1024K)
 Metaspace       used 64890K, committed 65408K, reserved 1114112K
  class space    used 9387K, committed 9600K, reserved 1048576K
}
Event: 2708.395 GC heap after
{Heap after GC invocations=43 (full 0):
 garbage-first heap   total 83968K, used 26664K [0x000000008a600000, 0x0000000100000000)
  region size 1024K, 1 young (1024K), 1 survivors (1024K)
 Metaspace       used 64890K, committed 65408K, reserved 1114112K
  class space    used 9387K, committed 9600K, reserved 1048576K
}
Event: 3113.558 GC heap before
{Heap before GC invocations=43 (full 0):
 garbage-first heap   total 83968K, used 70696K [0x000000008a600000, 0x0000000100000000)
  region size 1024K, 44 young (45056K), 1 survivors (1024K)
 Metaspace       used 64890K, committed 65408K, reserved 1114112K
  class space    used 9387K, committed 9600K, reserved 1048576K
}
Event: 3113.610 GC heap after
{Heap after GC invocations=44 (full 0):
 garbage-first heap   total 83968K, used 26703K [0x000000008a600000, 0x0000000100000000)
  region size 1024K, 1 young (1024K), 1 survivors (1024K)
 Metaspace       used 64890K, committed 65408K, reserved 1114112K
  class space    used 9387K, committed 9600K, reserved 1048576K
}
Event: 3514.258 GC heap before
{Heap before GC invocations=45 (full 0):
 garbage-first heap   total 83968K, used 70735K [0x000000008a600000, 0x0000000100000000)
  region size 1024K, 44 young (45056K), 1 survivors (1024K)
 Metaspace       used 64890K, committed 65408K, reserved 1114112K
  class space    used 9387K, committed 9600K, reserved 1048576K
}
Event: 3514.290 GC heap after
{Heap after GC invocations=46 (full 0):
 garbage-first heap   total 83968K, used 26681K [0x000000008a600000, 0x0000000100000000)
  region size 1024K, 1 young (1024K), 1 survivors (1024K)
 Metaspace       used 64890K, committed 65408K, reserved 1114112K
  class space    used 9387K, committed 9600K, reserved 1048576K
}
Event: 3927.767 GC heap before
{Heap before GC invocations=46 (full 0):
 garbage-first heap   total 83968K, used 70713K [0x000000008a600000, 0x0000000100000000)
  region size 1024K, 44 young (45056K), 1 survivors (1024K)
 Metaspace       used 64890K, committed 65408K, reserved 1114112K
  class space    used 9387K, committed 9600K, reserved 1048576K
}
Event: 3927.825 GC heap after
{Heap after GC invocations=47 (full 0):
 garbage-first heap   total 83968K, used 26703K [0x000000008a600000, 0x0000000100000000)
  region size 1024K, 1 young (1024K), 1 survivors (1024K)
 Metaspace       used 64890K, committed 65408K, reserved 1114112K
  class space    used 9387K, committed 9600K, reserved 1048576K
}
Event: 4351.001 GC heap before
{Heap before GC invocations=48 (full 0):
 garbage-first heap   total 83968K, used 71759K [0x000000008a600000, 0x0000000100000000)
  region size 1024K, 45 young (46080K), 1 survivors (1024K)
 Metaspace       used 64890K, committed 65408K, reserved 1114112K
  class space    used 9387K, committed 9600K, reserved 1048576K
}
Event: 4351.029 GC heap after
{Heap after GC invocations=49 (full 0):
 garbage-first heap   total 83968K, used 26706K [0x000000008a600000, 0x0000000100000000)
  region size 1024K, 1 young (1024K), 1 survivors (1024K)
 Metaspace       used 64890K, committed 65408K, reserved 1114112K
  class space    used 9387K, committed 9600K, reserved 1048576K
}
Event: 4764.700 GC heap before
{Heap before GC invocations=49 (full 0):
 garbage-first heap   total 83968K, used 71762K [0x000000008a600000, 0x0000000100000000)
  region size 1024K, 45 young (46080K), 1 survivors (1024K)
 Metaspace       used 64890K, committed 65408K, reserved 1114112K
  class space    used 9387K, committed 9600K, reserved 1048576K
}
Event: 4764.747 GC heap after
{Heap after GC invocations=50 (full 0):
 garbage-first heap   total 83968K, used 26701K [0x000000008a600000, 0x0000000100000000)
  region size 1024K, 1 young (1024K), 1 survivors (1024K)
 Metaspace       used 64890K, committed 65408K, reserved 1114112K
  class space    used 9387K, committed 9600K, reserved 1048576K
}
Event: 5176.780 GC heap before
{Heap before GC invocations=51 (full 0):
 garbage-first heap   total 83968K, used 71757K [0x000000008a600000, 0x0000000100000000)
  region size 1024K, 45 young (46080K), 1 survivors (1024K)
 Metaspace       used 64890K, committed 65408K, reserved 1114112K
  class space    used 9387K, committed 9600K, reserved 1048576K
}
Event: 5176.808 GC heap after
{Heap after GC invocations=52 (full 0):
 garbage-first heap   total 83968K, used 26701K [0x000000008a600000, 0x0000000100000000)
  region size 1024K, 1 young (1024K), 1 survivors (1024K)
 Metaspace       used 64890K, committed 65408K, reserved 1114112K
  class space    used 9387K, committed 9600K, reserved 1048576K
}
Event: 5599.339 GC heap before
{Heap before GC invocations=52 (full 0):
 garbage-first heap   total 83968K, used 71757K [0x000000008a600000, 0x0000000100000000)
  region size 1024K, 45 young (46080K), 1 survivors (1024K)
 Metaspace       used 64890K, committed 65408K, reserved 1114112K
  class space    used 9387K, committed 9600K, reserved 1048576K
}
Event: 5599.394 GC heap after
{Heap after GC invocations=53 (full 0):
 garbage-first heap   total 83968K, used 26674K [0x000000008a600000, 0x0000000100000000)
  region size 1024K, 1 young (1024K), 1 survivors (1024K)
 Metaspace       used 64890K, committed 65408K, reserved 1114112K
  class space    used 9387K, committed 9600K, reserved 1048576K
}
Event: 6011.197 GC heap before
{Heap before GC invocations=54 (full 0):
 garbage-first heap   total 83968K, used 71730K [0x000000008a600000, 0x0000000100000000)
  region size 1024K, 45 young (46080K), 1 survivors (1024K)
 Metaspace       used 64991K, committed 65472K, reserved 1114112K
  class space    used 9407K, committed 9600K, reserved 1048576K
}

Dll operation events (10 events):
Event: 0.012 Loaded shared library C:\Program Files\Java\jdk-17.0.17.10-hotspot\bin\java.dll
Event: 0.030 Loaded shared library C:\Program Files\Java\jdk-17.0.17.10-hotspot\bin\jsvml.dll
Event: 0.129 Loaded shared library C:\Program Files\Java\jdk-17.0.17.10-hotspot\bin\net.dll
Event: 0.131 Loaded shared library C:\Program Files\Java\jdk-17.0.17.10-hotspot\bin\nio.dll
Event: 0.134 Loaded shared library C:\Program Files\Java\jdk-17.0.17.10-hotspot\bin\zip.dll
Event: 0.269 Loaded shared library C:\Program Files\Java\jdk-17.0.17.10-hotspot\bin\jimage.dll
Event: 0.565 Loaded shared library C:\Program Files\Java\jdk-17.0.17.10-hotspot\bin\management.dll
Event: 0.581 Loaded shared library C:\Program Files\Java\jdk-17.0.17.10-hotspot\bin\management_ext.dll
Event: 1.740 Loaded shared library C:\Program Files\Java\jdk-17.0.17.10-hotspot\bin\sunmscapi.dll
Event: 5.937 Loaded shared library C:\Program Files\Java\jdk-17.0.17.10-hotspot\bin\extnet.dll

Deoptimization events (4 events):
Event: 2.897 Thread 0x00000223067af020 DEOPT PACKING pc=0x00000222b61aa201 sp=0x0000007abe9fdfa0
Event: 2.897 Thread 0x00000223067af020 DEOPT UNPACKING pc=0x00000222b5dc7143 sp=0x0000007abe9fd430 mode 3
Event: 2.897 Thread 0x00000223075e0050 DEOPT PACKING pc=0x00000222b6328097 sp=0x0000007abf7fefa0
Event: 2.897 Thread 0x00000223075e0050 DEOPT UNPACKING pc=0x00000222b5dc7143 sp=0x0000007abf7fe3f8 mode 3

Classes loaded (20 events):
Event: 6011.010 Loading class java/net/SocksConsts done
Event: 6011.010 Loading class java/net/DelegatingSocketImpl
Event: 6011.024 Loading class java/net/DelegatingSocketImpl done
Event: 6011.024 Loading class java/net/SocksSocketImpl done
Event: 6011.034 Loading class java/net/SocksSocketImpl$3
Event: 6011.037 Loading class java/net/SocksSocketImpl$3 done
Event: 6011.037 Loading class java/net/ProxySelector
Event: 6011.045 Loading class java/net/ProxySelector done
Event: 6011.045 Loading class sun/net/spi/DefaultProxySelector
Event: 6011.071 Loading class sun/net/spi/DefaultProxySelector done
Event: 6011.075 Loading class java/net/Proxy
Event: 6011.078 Loading class java/net/Proxy done
Event: 6011.078 Loading class java/net/Proxy$Type
Event: 6011.081 Loading class java/net/Proxy$Type done
Event: 6011.081 Loading class sun/net/spi/DefaultProxySelector$1
Event: 6011.083 Loading class sun/net/spi/DefaultProxySelector$1 done
Event: 6011.100 Loading class sun/net/spi/DefaultProxySelector$NonProxyInfo
Event: 6011.103 Loading class sun/net/spi/DefaultProxySelector$NonProxyInfo done
Event: 6011.103 Loading class sun/net/spi/DefaultProxySelector$3
Event: 6011.111 Loading class sun/net/spi/DefaultProxySelector$3 done

Classes unloaded (20 events):
Event: 2272.359 Thread 0x00000222c0b62330 Unloading class 0x00000222c2141800 'java/lang/invoke/LambdaForm$MH+0x00000222c2141800'
Event: 2272.359 Thread 0x00000222c0b62330 Unloading class 0x00000222c2142000 'java/lang/invoke/LambdaForm$MH+0x00000222c2142000'
Event: 2272.359 Thread 0x00000222c0b62330 Unloading class 0x00000222c2144400 'java/lang/invoke/LambdaForm$MH+0x00000222c2144400'
Event: 2272.359 Thread 0x00000222c0b62330 Unloading class 0x00000222c2154c00 'java/lang/invoke/LambdaForm$MH+0x00000222c2154c00'
Event: 2272.359 Thread 0x00000222c0b62330 Unloading class 0x00000222c2159800 'java/lang/invoke/LambdaForm$MH+0x00000222c2159800'
Event: 2272.359 Thread 0x00000222c0b62330 Unloading class 0x00000222c215a400 'java/lang/invoke/LambdaForm$MH+0x00000222c215a400'
Event: 2272.359 Thread 0x00000222c0b62330 Unloading class 0x00000222c215a800 'java/lang/invoke/LambdaForm$MH+0x00000222c215a800'
Event: 2272.359 Thread 0x00000222c0b62330 Unloading class 0x00000222c217ac00 'java/lang/invoke/LambdaForm$MH+0x00000222c217ac00'
Event: 2272.359 Thread 0x00000222c0b62330 Unloading class 0x00000222c22c0400 'java/lang/invoke/LambdaForm$MH+0x00000222c22c0400'
Event: 2272.359 Thread 0x00000222c0b62330 Unloading class 0x00000222c231c000 'java/lang/invoke/LambdaForm$MH+0x00000222c231c000'
Event: 2272.360 Thread 0x00000222c0b62330 Unloading class 0x00000222c23ec400 'java/lang/invoke/LambdaForm$MH+0x00000222c23ec400'
Event: 2272.360 Thread 0x00000222c0b62330 Unloading class 0x00000222c23f0400 'java/lang/invoke/LambdaForm$MH+0x00000222c23f0400'
Event: 2272.360 Thread 0x00000222c0b62330 Unloading class 0x00000222c241c400 'java/lang/invoke/LambdaForm$MH+0x00000222c241c400'
Event: 2272.360 Thread 0x00000222c0b62330 Unloading class 0x00000222c2428400 'java/lang/invoke/LambdaForm$MH+0x00000222c2428400'
Event: 2272.360 Thread 0x00000222c0b62330 Unloading class 0x00000222c242b000 'java/lang/invoke/LambdaForm$MH+0x00000222c242b000'
Event: 2272.360 Thread 0x00000222c0b62330 Unloading class 0x00000222c2610400 'java/lang/invoke/LambdaForm$MH+0x00000222c2610400'
Event: 2272.360 Thread 0x00000222c0b62330 Unloading class 0x00000222c2613000 'java/lang/invoke/LambdaForm$MH+0x00000222c2613000'
Event: 2272.360 Thread 0x00000222c0b62330 Unloading class 0x00000222c2613c00 'java/lang/invoke/LambdaForm$MH+0x00000222c2613c00'
Event: 2272.361 Thread 0x00000222c0b62330 Unloading class 0x00000222c2614800 'java/lang/invoke/LambdaForm$MH+0x00000222c2614800'
Event: 2272.361 Thread 0x00000222c0b62330 Unloading class 0x00000222c2895000 'java/lang/invoke/LambdaForm$DMH+0x00000222c2895000'

Classes redefined (0 events):
No events

Internal exceptions (20 events):
Event: 5.061 Thread 0x00000223067af020 Exception <a 'java/lang/NoSuchMethodError'{0x000000008cc869a8}: 'java.lang.Object java.lang.invoke.DirectMethodHandle$Holder.invokeSpecial(java.lang.Object, java.lang.Object, java.lang.Object, java.lang.Object, java.lang.Object, java.lang.Object, java.lang.Object, java.lang.Object, int)'> (0x000000008cc869a8) 
thrown [s\src\hotspot\share\interpreter\linkResolver.cpp, line 759]
Event: 5.061 Thread 0x00000223067af020 Exception <a 'java/lang/NoSuchMethodError'{0x000000008cc8b470}: 'java.lang.Object java.lang.invoke.Invokers$Holder.linkToTargetMethod(java.lang.Object, java.lang.Object, java.lang.Object, java.lang.Object, java.lang.Object, java.lang.Object, int, java.lang.Object)'> (0x000000008cc8b470) 
thrown [s\src\hotspot\share\interpreter\linkResolver.cpp, line 759]
Event: 5.327 Thread 0x00000223067af020 Exception <a 'java/lang/NoSuchMethodError'{0x000000008d67c5e8}: 'java.lang.Object java.lang.invoke.DirectMethodHandle$Holder.invokeInterface(java.lang.Object, java.lang.Object, java.lang.Object, java.lang.Object)'> (0x000000008d67c5e8) 
thrown [s\src\hotspot\share\interpreter\linkResolver.cpp, line 759]
Event: 5.482 Thread 0x00000223067af020 Exception <a 'java/lang/NoSuchMethodError'{0x000000008cd2d4e0}: 'java.lang.Object java.lang.invoke.DirectMethodHandle$Holder.invokeStatic(java.lang.Object, int, java.lang.Object, java.lang.Object)'> (0x000000008cd2d4e0) 
thrown [s\src\hotspot\share\interpreter\linkResolver.cpp, line 759]
Event: 5.482 Thread 0x00000223067af020 Exception <a 'java/lang/NoSuchMethodError'{0x000000008cd31bf8}: 'java.lang.Object java.lang.invoke.DirectMethodHandle$Holder.invokeSpecial(java.lang.Object, java.lang.Object, int, java.lang.Object, java.lang.Object)'> (0x000000008cd31bf8) 
thrown [s\src\hotspot\share\interpreter\linkResolver.cpp, line 759]
Event: 5.483 Thread 0x00000223067af020 Exception <a 'java/lang/NoSuchMethodError'{0x000000008cd35df0}: 'java.lang.Object java.lang.invoke.DelegatingMethodHandle$Holder.delegate(java.lang.Object, int, java.lang.Object, java.lang.Object)'> (0x000000008cd35df0) 
thrown [s\src\hotspot\share\interpreter\linkResolver.cpp, line 759]
Event: 5.484 Thread 0x00000223067af020 Exception <a 'java/lang/NoSuchMethodError'{0x000000008cd47228}: 'int java.lang.invoke.Invokers$Holder.linkToTargetMethod(java.lang.Object, java.lang.Object, java.lang.Object)'> (0x000000008cd47228) 
thrown [s\src\hotspot\share\interpreter\linkResolver.cpp, line 759]
Event: 5.543 Thread 0x00000223067af020 Exception <a 'java/lang/IncompatibleClassChangeError'{0x0000000091b142a0}: Found class java.lang.Object, but interface was expected> (0x0000000091b142a0) 
thrown [s\src\hotspot\share\interpreter\linkResolver.cpp, line 826]
Event: 5.611 Thread 0x00000223067af020 Exception <a 'java/lang/NoSuchMethodError'{0x000000008da21d08}: 'int java.lang.invoke.DirectMethodHandle$Holder.invokeStaticInit(java.lang.Object, java.lang.Object, java.lang.Object, java.lang.Object)'> (0x000000008da21d08) 
thrown [s\src\hotspot\share\interpreter\linkResolver.cpp, line 759]
Event: 5.642 Thread 0x00000223067af020 Exception <a 'java/lang/IncompatibleClassChangeError'{0x000000008d807fd8}: Found class java.lang.Object, but interface was expected> (0x000000008d807fd8) 
thrown [s\src\hotspot\share\interpreter\linkResolver.cpp, line 826]
Event: 5.704 Thread 0x00000223067af020 Exception <a 'java/lang/IncompatibleClassChangeError'{0x000000008d45ac58}: Found class java.lang.Object, but interface was expected> (0x000000008d45ac58) 
thrown [s\src\hotspot\share\interpreter\linkResolver.cpp, line 826]
Event: 5.742 Thread 0x00000223067af020 Exception <a 'java/lang/IncompatibleClassChangeError'{0x0000000091b83bd0}: Found class java.lang.Object, but interface was expected> (0x0000000091b83bd0) 
thrown [s\src\hotspot\share\interpreter\linkResolver.cpp, line 826]
Event: 5.831 Thread 0x00000223067af020 Exception <a 'java/lang/IncompatibleClassChangeError'{0x000000008d872638}: Found class java.lang.Object, but interface was expected> (0x000000008d872638) 
thrown [s\src\hotspot\share\interpreter\linkResolver.cpp, line 826]
Event: 5.874 Thread 0x00000223067af020 Exception <a 'java/lang/NoSuchMethodError'{0x000000008d54db98}: 'java.lang.Object java.lang.invoke.DirectMethodHandle$Holder.invokeSpecial(java.lang.Object, java.lang.Object, java.lang.Object, java.lang.Object, java.lang.Object, java.lang.Object, java.lang.Object, java.lang.Object, java.lang.Object, java.lang.Object, java.lang.Object)'> (0x000000008d54db98) 
thrown [s\src\hotspot\share\interpreter\linkResolver.cpp, line 759]
Event: 5.874 Thread 0x00000223067af020 Exception <a 'java/lang/NoSuchMethodError'{0x000000008d551fc8}: 'java.lang.Object java.lang.invoke.Invokers$Holder.invoke_MT(java.lang.Object, java.lang.Object, java.lang.Object, java.lang.Object, java.lang.Object, java.lang.Object, java.lang.Object, java.lang.Object, java.lang.Object, java.lang.Object, java.lang.Object)'> (0x000000008d551fc8) 
thrown [s\src\hotspot\share\interpreter\linkResolver.cpp, line 759]
Event: 5.953 Thread 0x00000223067af020 Exception <a 'java/lang/NoSuchMethodError'{0x000000008d0cae10}: 'java.lang.Object java.lang.invoke.DirectMethodHandle$Holder.newInvokeSpecial(java.lang.Object, java.lang.Object, int, java.lang.Object, java.lang.Object)'> (0x000000008d0cae10) 
thrown [s\src\hotspot\share\interpreter\linkResolver.cpp, line 759]
Event: 1540.696 Thread 0x000002230874c9b0 Exception <a 'java/lang/NoSuchMethodError'{0x0000000091b25c50}: 'java.lang.Object java.lang.invoke.DirectMethodHandle$Holder.invokeStaticInit(java.lang.Object, java.lang.Object, java.lang.Object, int, int)'> (0x0000000091b25c50) 
thrown [s\src\hotspot\share\interpreter\linkResolver.cpp, line 759]
Event: 1540.976 Thread 0x00000223078f3030 Exception <a 'java/lang/NoSuchMethodError'{0x0000000091bafde0}: 'java.lang.Object java.lang.invoke.DirectMethodHandle$Holder.invokeSpecial(java.lang.Object, java.lang.Object, java.lang.Object, java.lang.Object, java.lang.Object, long)'> (0x0000000091bafde0) 
thrown [s\src\hotspot\share\interpreter\linkResolver.cpp, line 759]
Event: 1540.976 Thread 0x00000223078f3030 Exception <a 'java/lang/NoSuchMethodError'{0x0000000091bb3820}: 'java.lang.Object java.lang.invoke.Invokers$Holder.linkToTargetMethod(java.lang.Object, java.lang.Object, java.lang.Object, long, java.lang.Object)'> (0x0000000091bb3820) 
thrown [s\src\hotspot\share\interpreter\linkResolver.cpp, line 759]
Event: 1541.788 Thread 0x00000223078f3030 Exception <a 'sun/nio/fs/WindowsException'{0x000000008d203830}> (0x000000008d203830) 
thrown [s\src\hotspot\share\prims\jni.cpp, line 516]

VM Operations (20 events):
Event: 4764.747 Executing VM operation: G1CollectForAllocation done
Event: 4764.913 Executing VM operation: G1PauseRemark
Event: 4764.966 Executing VM operation: G1PauseRemark done
Event: 4764.975 Executing VM operation: G1PauseCleanup
Event: 4764.976 Executing VM operation: G1PauseCleanup done
Event: 4936.462 Executing VM operation: Cleanup
Event: 4936.464 Executing VM operation: Cleanup done
Event: 5176.775 Executing VM operation: G1CollectForAllocation
Event: 5176.808 Executing VM operation: G1CollectForAllocation done
Event: 5599.332 Executing VM operation: G1CollectForAllocation
Event: 5599.395 Executing VM operation: G1CollectForAllocation done
Event: 5599.576 Executing VM operation: G1PauseRemark
Event: 5599.652 Executing VM operation: G1PauseRemark done
Event: 5599.662 Executing VM operation: G1PauseCleanup
Event: 5599.663 Executing VM operation: G1PauseCleanup done
Event: 6009.949 Executing VM operation: Cleanup
Event: 6009.971 Executing VM operation: Cleanup done
Event: 6010.977 Executing VM operation: Cleanup
Event: 6011.025 Executing VM operation: Cleanup done
Event: 6011.194 Executing VM operation: G1CollectForAllocation

Memory protections (0 events):
No events

Nmethod flushes (0 events):
No events

Events (20 events):
Event: 5145.359 Thread 0x00000223078f11d0 Thread added: 0x000002230874b570
Event: 5145.383 Thread 0x000002230874b570 Thread added: 0x000002230874d8e0
Event: 5150.396 Thread 0x000002230874b570 Thread exited: 0x000002230874b570
Event: 5150.489 Thread 0x000002230874d8e0 Thread exited: 0x000002230874d8e0
Event: 6010.218 Thread 0x00000223078f3a50 Thread added: 0x000002230874bf90
Event: 6010.221 Thread 0x00000223078f3a50 Thread exited: 0x00000223078f3a50
Event: 6010.433 Thread 0x000002230874bf90 Thread added: 0x000002230874d8e0
Event: 6011.144 Thread 0x000002230874d8e0 Thread exited: 0x000002230874d8e0
Event: 6011.150 Thread 0x000002230874c9b0 Thread exited: 0x000002230874c9b0
Event: 6011.157 Thread 0x000002230874c4a0 Thread exited: 0x000002230874c4a0
Event: 6011.161 Thread 0x00000223078f2610 Thread exited: 0x00000223078f2610
Event: 6011.161 Thread 0x00000223078f3540 Thread exited: 0x00000223078f3540
Event: 6011.161 Thread 0x000002230874ba80 Thread exited: 0x000002230874ba80
Event: 6011.161 Thread 0x000002230874d3d0 Thread exited: 0x000002230874d3d0
Event: 6011.162 Thread 0x00000223078f2100 Thread exited: 0x00000223078f2100
Event: 6011.162 Thread 0x000002230874e300 Thread exited: 0x000002230874e300
Event: 6011.162 Thread 0x000002230874cec0 Thread exited: 0x000002230874cec0
Event: 6011.163 Thread 0x000002230874ed20 Thread exited: 0x000002230874ed20
Event: 6011.164 Thread 0x00000223078f3030 Thread exited: 0x00000223078f3030
Event: 6011.164 Thread 0x00000223078f4470 Thread exited: 0x00000223078f4470


Dynamic libraries:
0x00007ff640580000 - 0x00007ff64058e000 	C:\Program Files\Java\jdk-17.0.17.10-hotspot\bin\java.exe
0x00007ffa7af80000 - 0x00007ffa7b1e8000 	C:\WINDOWS\SYSTEM32\ntdll.dll
0x00007ffa42ee0000 - 0x00007ffa42f00000 	C:\Program Files\Avast Software\Avast\aswhook.dll
0x00007ffa79b90000 - 0x00007ffa79c59000 	C:\WINDOWS\System32\KERNEL32.DLL
0x00007ffa78680000 - 0x00007ffa78a72000 	C:\WINDOWS\System32\KERNELBASE.dll
0x00007ffa78300000 - 0x00007ffa7844b000 	C:\WINDOWS\System32\ucrtbase.dll
0x00007ffa571d0000 - 0x00007ffa571e8000 	C:\Program Files\Java\jdk-17.0.17.10-hotspot\bin\jli.dll
0x00007ffa41fa0000 - 0x00007ffa41fbe000 	C:\Program Files\Java\jdk-17.0.17.10-hotspot\bin\VCRUNTIME140.dll
0x00007ffa78e80000 - 0x00007ffa79045000 	C:\WINDOWS\System32\USER32.dll
0x00007ffa78110000 - 0x00007ffa78137000 	C:\WINDOWS\System32\win32u.dll
0x00007ffa5cf50000 - 0x00007ffa5d1e3000 	C:\WINDOWS\WinSxS\amd64_microsoft.windows.common-controls_6595b64144ccf1df_6.0.26100.6899_none_3e0efeeae32e88c1\COMCTL32.dll
0x00007ffa78da0000 - 0x00007ffa78dcb000 	C:\WINDOWS\System32\GDI32.dll
0x00007ffa791b0000 - 0x00007ffa79259000 	C:\WINDOWS\System32\msvcrt.dll
0x00007ffa781d0000 - 0x00007ffa782fd000 	C:\WINDOWS\System32\gdi32full.dll
0x00007ffa78ca0000 - 0x00007ffa78d43000 	C:\WINDOWS\System32\msvcp_win.dll
0x00007ffa7ad80000 - 0x00007ffa7adaf000 	C:\WINDOWS\System32\IMM32.DLL
0x00007ffa71030000 - 0x00007ffa7103c000 	C:\Program Files\Java\jdk-17.0.17.10-hotspot\bin\vcruntime140_1.dll
0x00007ff9f02b0000 - 0x00007ff9f033d000 	C:\Program Files\Java\jdk-17.0.17.10-hotspot\bin\msvcp140.dll
0x00007ff982040000 - 0x00007ff982cab000 	C:\Program Files\Java\jdk-17.0.17.10-hotspot\bin\server\jvm.dll
0x00007ffa79490000 - 0x00007ffa79544000 	C:\WINDOWS\System32\ADVAPI32.dll
0x00007ffa79ae0000 - 0x00007ffa79b86000 	C:\WINDOWS\System32\sechost.dll
0x00007ffa7ac60000 - 0x00007ffa7ad78000 	C:\WINDOWS\System32\RPCRT4.dll
0x00007ffa79260000 - 0x00007ffa792d4000 	C:\WINDOWS\System32\WS2_32.dll
0x00007ffa77f90000 - 0x00007ffa77fee000 	C:\WINDOWS\SYSTEM32\POWRPROF.dll
0x00007ffa71ca0000 - 0x00007ffa71cab000 	C:\WINDOWS\SYSTEM32\VERSION.dll
0x00007ffa708a0000 - 0x00007ffa708d5000 	C:\WINDOWS\SYSTEM32\WINMM.dll
0x00007ffa77f50000 - 0x00007ffa77f64000 	C:\WINDOWS\SYSTEM32\UMPDC.dll
0x00007ffa76ee0000 - 0x00007ffa76efb000 	C:\WINDOWS\SYSTEM32\kernel.appcore.dll
0x00007ffa70e80000 - 0x00007ffa70e8a000 	C:\Program Files\Java\jdk-17.0.17.10-hotspot\bin\jimage.dll
0x00007ffa6d1a0000 - 0x00007ffa6d3e2000 	C:\WINDOWS\SYSTEM32\DBGHELP.DLL
0x00007ffa79c60000 - 0x00007ffa79fdb000 	C:\WINDOWS\System32\combase.dll
0x00007ffa7adc0000 - 0x00007ffa7ae97000 	C:\WINDOWS\System32\OLEAUT32.dll
0x00007ffa6bb00000 - 0x00007ffa6bb3c000 	C:\WINDOWS\SYSTEM32\dbgcore.DLL
0x00007ffa78a80000 - 0x00007ffa78b18000 	C:\WINDOWS\System32\bcryptPrimitives.dll
0x00007ffa32ff0000 - 0x00007ffa33015000 	C:\Program Files\Java\jdk-17.0.17.10-hotspot\bin\java.dll
0x00007ff9efd70000 - 0x00007ff9efe47000 	C:\Program Files\Java\jdk-17.0.17.10-hotspot\bin\jsvml.dll
0x00007ffa7a510000 - 0x00007ffa7ac5d000 	C:\WINDOWS\System32\SHELL32.dll
0x00007ffa78450000 - 0x00007ffa785bb000 	C:\WINDOWS\System32\wintypes.dll
0x00007ffa75da0000 - 0x00007ffa765fd000 	C:\WINDOWS\SYSTEM32\windows.storage.dll
0x00007ffa79fe0000 - 0x00007ffa7a0d2000 	C:\WINDOWS\System32\SHCORE.dll
0x00007ffa78dd0000 - 0x00007ffa78e32000 	C:\WINDOWS\System32\shlwapi.dll
0x00007ffa78030000 - 0x00007ffa78059000 	C:\WINDOWS\SYSTEM32\profapi.dll
0x00007ffa34ea0000 - 0x00007ffa34eba000 	C:\Program Files\Java\jdk-17.0.17.10-hotspot\bin\net.dll
0x00007ffa708e0000 - 0x00007ffa709ff000 	C:\WINDOWS\SYSTEM32\WINHTTP.dll
0x00007ffa77450000 - 0x00007ffa774bb000 	C:\WINDOWS\system32\mswsock.dll
0x00007ffa31600000 - 0x00007ffa31616000 	C:\Program Files\Java\jdk-17.0.17.10-hotspot\bin\nio.dll
0x00007ffa315e0000 - 0x00007ffa315f8000 	C:\Program Files\Java\jdk-17.0.17.10-hotspot\bin\zip.dll
0x00007ffa70cd0000 - 0x00007ffa70cda000 	C:\Program Files\Java\jdk-17.0.17.10-hotspot\bin\management.dll
0x00007ffa601a0000 - 0x00007ffa601ac000 	C:\Program Files\Java\jdk-17.0.17.10-hotspot\bin\management_ext.dll
0x00007ffa79480000 - 0x00007ffa79488000 	C:\WINDOWS\System32\PSAPI.DLL
0x00007ffa60150000 - 0x00007ffa6015e000 	C:\Program Files\Java\jdk-17.0.17.10-hotspot\bin\sunmscapi.dll
0x00007ffa78b20000 - 0x00007ffa78c97000 	C:\WINDOWS\System32\CRYPT32.dll
0x00007ffa77920000 - 0x00007ffa77950000 	C:\WINDOWS\SYSTEM32\ncrypt.dll
0x00007ffa778d0000 - 0x00007ffa7790f000 	C:\WINDOWS\SYSTEM32\NTASN1.dll
0x00007ffa77710000 - 0x00007ffa7772b000 	C:\WINDOWS\SYSTEM32\CRYPTSP.dll
0x00007ffa76e40000 - 0x00007ffa76e7b000 	C:\WINDOWS\system32\rsaenh.dll
0x00007ffa774f0000 - 0x00007ffa7751b000 	C:\WINDOWS\SYSTEM32\USERENV.dll
0x00007ffa78000000 - 0x00007ffa78026000 	C:\WINDOWS\SYSTEM32\bcrypt.dll
0x00007ffa77700000 - 0x00007ffa7770c000 	C:\WINDOWS\SYSTEM32\CRYPTBASE.dll
0x00007ffa76900000 - 0x00007ffa76934000 	C:\WINDOWS\SYSTEM32\IPHLPAPI.DLL
0x00007ffa79ad0000 - 0x00007ffa79ada000 	C:\WINDOWS\System32\NSI.dll
0x00007ffa705c0000 - 0x00007ffa705de000 	C:\WINDOWS\SYSTEM32\dhcpcsvc6.DLL
0x00007ffa70590000 - 0x00007ffa705b3000 	C:\WINDOWS\SYSTEM32\dhcpcsvc.DLL
0x00007ffa76990000 - 0x00007ffa76ab6000 	C:\WINDOWS\SYSTEM32\DNSAPI.dll
0x00007ffa60130000 - 0x00007ffa60139000 	C:\Program Files\Java\jdk-17.0.17.10-hotspot\bin\extnet.dll
0x00007ff9f4ae0000 - 0x00007ff9f4ae8000 	C:\WINDOWS\system32\wshunix.dll

dbghelp: loaded successfully - version: 4.0.5 - missing functions: none
symbol engine: initialized successfully - sym options: 0x614 - pdb path: .;C:\Program Files\Java\jdk-17.0.17.10-hotspot\bin;C:\WINDOWS\SYSTEM32;C:\Program Files\Avast Software\Avast;C:\WINDOWS\WinSxS\amd64_microsoft.windows.common-controls_6595b64144ccf1df_6.0.26100.6899_none_3e0efeeae32e88c1;C:\Program Files\Java\jdk-17.0.17.10-hotspot\bin\server

VM Arguments:
jvm_args: -XX:TieredStopAtLevel=1 
java_command: com.cts.CollegeTransportSystemApplication
java_class_path (initial): D:\verticross_project\smart-campus-transport\backend\cts\target\classes;C:\Users\aashu\.m2\repository\ch\qos\logback\logback-classic\1.5.20\logback-classic-1.5.20.jar;C:\Users\aashu\.m2\repository\ch\qos\logback\logback-core\1.5.20\logback-core-1.5.20.jar;C:\Users\aashu\.m2\repository\org\apache\logging\log4j\log4j-to-slf4j\2.24.3\log4j-to-slf4j-2.24.3.jar;C:\Users\aashu\.m2\repository\org\apache\logging\log4j\log4j-api\2.24.3\log4j-api-2.24.3.jar;C:\Users\aashu\.m2\repository\org\slf4j\jul-to-slf4j\2.0.17\jul-to-slf4j-2.0.17.jar;C:\Users\aashu\.m2\repository\jakarta\annotation\jakarta.annotation-api\2.1.1\jakarta.annotation-api-2.1.1.jar;C:\Users\aashu\.m2\repository\org\yaml\snakeyaml\2.4\snakeyaml-2.4.jar;C:\Users\aashu\.m2\repository\com\fasterxml\jackson\core\jackson-databind\2.19.2\jackson-databind-2.19.2.jar;C:\Users\aashu\.m2\repository\com\fasterxml\jackson\core\jackson-annotations\2.19.2\jackson-annotations-2.19.2.jar;C:\Users\aashu\.m2\repository\com\fasterxml\jackson\core\jackson-core\2.19.2\jackson-core-2.19.2.jar;C:\Users\aashu\.m2\repository\com\fasterxml\jackson\datatype\jackson-datatype-jdk8\2.19.2\jackson-datatype-jdk8-2.19.2.jar;C:\Users\aashu\.m2\repository\com\fasterxml\jackson\datatype\jackson-datatype-jsr310\2.19.2\jackson-datatype-jsr310-2.19.2.jar;C:\Users\aashu\.m2\repository\com\fasterxml\jackson\module\jackson-module-parameter-names\2.19.2\jackson-module-parameter-names-2.19.2.jar;C:\Users\aashu\.m2\repository\org\apache\tomcat\embed\tomcat-embed-core\10.1.48\tomcat-embed-core-10.1.48.jar;C:\Users\aashu\.m2\repository\org\apache\tomcat\embed\tomcat-embed-websocket\10.1.48\tomcat-embed-websocket-10.1.48.jar;C:\Users\aashu\.m2\repository\org\springframework\spring-web\6.2.12\spring-web-6.2.12.jar;C:\Users\aashu\.m2\repository\org\springframework\spring-beans\6.2.12\spring-beans-6.2.12.jar;C:\Users\aashu\.m2\repository\io\micrometer\micrometer-observation\1.15.5\micrometer-observation-1.15.5.jar;C:\Users\aashu\.m
Launcher Type: SUN_STANDARD

[Global flags]
     intx CICompilerCount                          = 4                                         {product} {ergonomic}
     uint ConcGCThreads                            = 3                                         {product} {ergonomic}
     uint G1ConcRefinementThreads                  = 10                                        {product} {ergonomic}
   size_t G1HeapRegionSize                         = 1048576                                   {product} {ergonomic}
    uintx GCDrainStackTargetSize                   = 64                                        {product} {ergonomic}
   size_t InitialHeapSize                          = 123731968                                 {product} {ergonomic}
   size_t MarkStackSize                            = 4194304                                   {product} {ergonomic}
   size_t MaxHeapSize                              = 1973420032                                {product} {ergonomic}
   size_t MaxNewSize                               = 1183842304                                {product} {ergonomic}
   size_t MinHeapDeltaBytes                        = 1048576                                   {product} {ergonomic}
   size_t MinHeapSize                              = 8388608                                   {product} {ergonomic}
    uintx NonProfiledCodeHeapSize                  = 0                                      {pd product} {ergonomic}
     bool ProfileInterpreter                       = false                                  {pd product} {command line}
    uintx ProfiledCodeHeapSize                     = 0                                      {pd product} {ergonomic}
   size_t SoftMaxHeapSize                          = 1973420032                             {manageable} {ergonomic}
     intx TieredStopAtLevel                        = 1                                         {product} {command line}
     bool UseCompressedClassPointers               = true                           {product lp64_product} {ergonomic}
     bool UseCompressedOops                        = true                           {product lp64_product} {ergonomic}
     bool UseG1GC                                  = true                                      {product} {ergonomic}
     bool UseLargePagesIndividualAllocation        = false                                  {pd product} {ergonomic}

Logging:
Log output configuration:
 #0: stdout all=warning uptime,level,tags
 #1: stderr all=off uptime,level,tags

Environment Variables:
JAVA_HOME=C:\Program Files\Java\jdk-17.0.17.10-hotspot
PATH=C:\Program Files\Eclipse Adoptium\jdk-17.0.17.10-hotspot\bin;C:\oraclexe\app\oracle\product\11.2.0\server\bin;%JAVA_HOME%\bin;C:\oracle\WINDOWS.X64_193000_db_home\bin;C:\ProgramData\Oracle\Java\javapath;C:\windows\system32;C:\windows;C:\windows\System32\Wbem;C:\windows\System32\WindowsPowerShell\v1.0\;C:\windows\System32\OpenSSH\;C:\Program Files (x86)\NVIDIA Corporation\PhysX\Common;C:\Program Files\NVIDIA Corporation\NVIDIA NvDLISR;c:\Program Files (x86)\Microsoft SQL Server\90\Tools\binn\;C:\WINDOWS\system32;C:\WINDOWS;C:\WINDOWS\System32\Wbem;C:\WINDOWS\System32\WindowsPowerShell\v1.0\;C:\WINDOWS\System32\OpenSSH\;D:\Dev-Cpp\libexec\gcc\mingw32\3.4.2;C:\Program Files\Git\cmd;C:\Program Files\HP\HP One Agent;C:\Users\aashu\AppData\Roaming\npm;C:\Users\aashu\Downloads\apache-maven-3.9.9-bin\apache-maven-3.9.9\bin;C:\WINDOWS\system32;C:\WINDOWS;C:\WINDOWS\System32\Wbem;C:\WINDOWS\System32\WindowsPowerShell\v1.0\;C:\WINDOWS\System32\OpenSSH\;C:\ProgramData\chocolatey\bin;C:\Program Files (x86)\nodejs\;C:\Users\aashu\OneDrive\Desktop\vipl\Anyproject-offlin;C:\Program Files\Java\jdk-17\bin;C:\Program Files\Eclipse Adoptium\jdk-17.0.17.10-hotspot\bin;C:\oraclexe\app\oracle\product\11.2.0\server\bin;C:\Anyproject-offline-installer\jdk\zulu8.90.0.19-ca-jdk8.0.472-win_x64\bin;C:\oracle\WINDOWS.X64_193000_db_home\bin;C:\ProgramData\Oracle\Java\javapath;C:\windows\system32;C:\windows;C:\windows\System32\Wbem;C:\windows\System32\WindowsPowerShell\v1.0\;C:\windows\System32\OpenSSH\;C:\Program Files (x86)\NVIDIA Corporation\PhysX\Common;C:\Program Files\NVIDIA Corporation\NVIDIA NvDLISR;c:\Program Files (x86)\Microsoft SQL Server\90\Tools\binn\;C:\WINDOWS\system32;C:\WINDOWS;C:\WINDOWS\System32\Wbem;C:\WINDOWS\System32\WindowsPowerShell\v1.0\;C:\WINDOWS\System32\OpenSSH\;D:\Dev-Cpp\libexec\gcc\mingw32\3.4.2;C:\Program Files\Git\cmd;C:\Program Files\HP\HP One Agent;C:\Users\aashu\AppData\Roaming\npm;C:\Users\aashu\Downloads\apache-maven-3.9.9-bin\apache-maven-3.9.9\bin;C:\WINDOWS\system32;C:\WINDOWS;C:\WINDOWS\System32\Wbem;C:\WINDOWS\System32\WindowsPowerShell\v1.0\;C:\W
USERNAME=aashu
OS=Windows_NT
PROCESSOR_IDENTIFIER=AMD64 Family 25 Model 80 Stepping 0, AuthenticAMD
TMP=C:\Users\aashu\AppData\Local\Temp
TEMP=C:\Users\aashu\AppData\Local\Temp



Periodic native trim disabled


---------------  S Y S T E M  ---------------

OS:
 Windows 11 , 64 bit Build 26100 (10.0.26100.6725)
OS uptime: 0 days 23:22 hours

CPU: total 12 (initial active 12) (12 cores per cpu, 2 threads per core) family 25 model 80 stepping 0 microcode 0xa50000d, cx8, cmov, fxsr, ht, mmx, 3dnowpref, sse, sse2, sse3, ssse3, sse4a, sse4.1, sse4.2, popcnt, lzcnt, tsc, tscinvbit, avx, avx2, aes, erms, clmul, bmi1, bmi2, adx, sha, fma, vzeroupper, clflush, clflushopt
Processor Information for processor 0
  Max Mhz: 3301, Current Mhz: 1805, Mhz Limit: 3301
Processor Information for processor 1
  Max Mhz: 3301, Current Mhz: 1805, Mhz Limit: 3301
Processor Information for processor 2
  Max Mhz: 3301, Current Mhz: 1805, Mhz Limit: 3301
Processor Information for processor 3
  Max Mhz: 3301, Current Mhz: 1805, Mhz Limit: 3301
Processor Information for processor 4
  Max Mhz: 3301, Current Mhz: 1805, Mhz Limit: 3301
Processor Information for processor 5
  Max Mhz: 3301, Current Mhz: 1805, Mhz Limit: 3301
Processor Information for processor 6
  Max Mhz: 3301, Current Mhz: 1805, Mhz Limit: 3301
Processor Information for processor 7
  Max Mhz: 3301, Current Mhz: 1805, Mhz Limit: 3301
Processor Information for processor 8
  Max Mhz: 3301, Current Mhz: 1805, Mhz Limit: 3301
Processor Information for processor 9
  Max Mhz: 3301, Current Mhz: 1805, Mhz Limit: 3301
Processor Information for processor 10
  Max Mhz: 3301, Current Mhz: 1805, Mhz Limit: 3301
Processor Information for processor 11
  Max Mhz: 3301, Current Mhz: 3301, Mhz Limit: 3301

Memory: 4k page, system-wide physical 7521M (406M free)
TotalPageFile size 31073M (AvailPageFile size 0M)
current process WorkingSet (physical memory assigned to process): 57M, peak: 200M
current process commit charge ("private bytes"): 273M, peak: 307M

vm_info: OpenJDK 64-Bit Server VM (17.0.17+10) for windows-amd64 JRE (17.0.17+10), built on Oct 21 2025 23:25:32 by "admin" with unknown MS VC++:1942

END.
